<?xml version="1.0" encoding="UTF-8"?>
<!-- Generated by org.testng.reporters.JUnitXMLReporter -->
<testsuite ignored="0" hostname="LTIN486613" failures="0" tests="3" name="chrometest" time="243.935" errors="0" timestamp="2024-03-28T17:19:11 IST">
  <testcase classname="flipcart.Hyperlinks" name="getUrl" time="5.987"/>
  <testcase classname="flipcart.Hyperlinks" name="getLinksBySection" time="0.032"/>
  <testcase classname="flipcart.Hyperlinks" name="navigateLinks" time="226.523"/>
</testsuite> <!-- chrometest -->
