<?xml version="1.0" encoding="UTF-8"?>
<!-- Generated by org.testng.reporters.JUnitXMLReporter -->
<testsuite ignored="0" hostname="LTIN486613" failures="0" tests="3" name="edgetest" time="129.112" errors="0" timestamp="2024-03-28T17:21:20 IST">
  <testcase classname="flipcart.Hyperlinks" name="getUrl" time="4.505"/>
  <testcase classname="flipcart.Hyperlinks" name="getLinksBySection" time="0.048"/>
  <testcase classname="flipcart.Hyperlinks" name="navigateLinks" time="107.774"/>
</testsuite> <!-- edgetest -->
